0 info it worked if it ends with ok
1 verbose cli [ '/usr/local/bin/node',
1 verbose cli   '/usr/local/bin/npm',
1 verbose cli   'run',
1 verbose cli   'prepublish' ]
2 info using npm@3.7.1
3 info using node@v4.2.6
4 verbose run-script [ 'prepublish' ]
5 info lifecycle resourceful-router@1.0.2~prepublish: resourceful-router@1.0.2
6 verbose lifecycle resourceful-router@1.0.2~prepublish: unsafe-perm in lifecycle true
7 verbose lifecycle resourceful-router@1.0.2~prepublish: PATH: /usr/local/lib/node_modules/npm/bin/node-gyp-bin:/Users/hanlindev/git/resourceful-router/node_modules/.bin:/usr/local/bin:/Users/hanlindev/.dnx/runtimes/dnx-coreclr-darwin-x64.1.0.0-rc1-update1/bin:/Users/hanlindev/.dnx/bin:/opt/facebook/bin:/usr/local/bin:/usr/bin:/bin:/usr/sbin:/sbin:/usr/local/munki:/Library/PostgreSQL/9.5/bin
8 verbose lifecycle resourceful-router@1.0.2~prepublish: CWD: /Users/hanlindev/git/resourceful-router
9 silly lifecycle resourceful-router@1.0.2~prepublish: Args: [ '-c', 'tsc' ]
10 silly lifecycle resourceful-router@1.0.2~prepublish: Returned: code: 2  signal: null
11 info lifecycle resourceful-router@1.0.2~prepublish: Failed to exec prepublish script
12 verbose stack Error: resourceful-router@1.0.2 prepublish: `tsc`
12 verbose stack Exit status 2
12 verbose stack     at EventEmitter.<anonymous> (/usr/local/lib/node_modules/npm/lib/utils/lifecycle.js:239:16)
12 verbose stack     at emitTwo (events.js:87:13)
12 verbose stack     at EventEmitter.emit (events.js:172:7)
12 verbose stack     at ChildProcess.<anonymous> (/usr/local/lib/node_modules/npm/lib/utils/spawn.js:24:14)
12 verbose stack     at emitTwo (events.js:87:13)
12 verbose stack     at ChildProcess.emit (events.js:172:7)
12 verbose stack     at maybeClose (internal/child_process.js:821:16)
12 verbose stack     at Process.ChildProcess._handle.onexit (internal/child_process.js:211:5)
13 verbose pkgid resourceful-router@1.0.2
14 verbose cwd /Users/hanlindev/git/resourceful-router
15 error Darwin 14.5.0
16 error argv "/usr/local/bin/node" "/usr/local/bin/npm" "run" "prepublish"
17 error node v4.2.6
18 error npm  v3.7.1
19 error code ELIFECYCLE
20 error resourceful-router@1.0.2 prepublish: `tsc`
20 error Exit status 2
21 error Failed at the resourceful-router@1.0.2 prepublish script 'tsc'.
21 error Make sure you have the latest version of node.js and npm installed.
21 error If you do, this is most likely a problem with the resourceful-router package,
21 error not with npm itself.
21 error Tell the author that this fails on your system:
21 error     tsc
21 error You can get information on how to open an issue for this project with:
21 error     npm bugs resourceful-router
21 error Or if that isn't available, you can get their info via:
21 error     npm owner ls resourceful-router
21 error There is likely additional logging output above.
22 verbose exit [ 1, true ]
